{"name": "test_o1", "status": "failed", "statusDetails": {"message": "AssertionError: assert 1 == 5", "trace": "self = <comm.testcase_parameter.Testcase_Suite object at 0x00000251237CE2C0>\n\n    @pytest.mark.slow\n    def test_o1(self):\n>       assert  1==5\nE       assert 1 == 5\n\ncomm\\testcase_parameter.py:31: AssertionError"}, "start": 1692547332143, "stop": 1692547332143, "uuid": "ad2fcaaa-f296-4c92-ac87-644751c1d22d", "historyId": "29a71dd64a500011f2b28cd2ebb36e64", "testCaseId": "29a71dd64a500011f2b28cd2ebb36e64", "fullName": "comm.testcase_parameter.Testcase_Suite#test_o1", "labels": [{"name": "epic", "value": "测试用例汇总"}, {"name": "feature", "value": "测试用例集合"}, {"name": "story", "value": "参数化--测试用例"}, {"name": "tag", "value": "slow"}, {"name": "parentSuite", "value": "comm"}, {"name": "suite", "value": "testcase_parameter"}, {"name": "subSuite", "value": "Testcase_Suite"}, {"name": "host", "value": "LAPTOP-T1AV2QHS"}, {"name": "thread", "value": "17844-MainThread"}, {"name": "framework", "value": "pytest"}, {"name": "language", "value": "cpython3"}, {"name": "package", "value": "comm.testcase_parameter"}]}